<?xml version="1.0" encoding="UTF-8"?>
<!-- Generated by org.testng.reporters.JUnitReportReporter -->
<testsuite skipped="1" hostname="Ty-Deepak-Tr" name="com.autdeskcrm.conatcttest.CreateContacWithOrgNameTest" tests="2" failures="0" timestamp="2020-08-29T18:52:24 IST" time="3.439" errors="1">
  <testcase name="configBC" time="3.439" classname="com.autdeskcrm.conatcttest.CreateContacWithOrgNameTest">
    <error type="org.openqa.selenium.SessionNotCreatedException" message="session not created: This version of ChromeDriver only supports Chrome version 83
Build info: version: &#039;3.141.59&#039;, revision: &#039;e82be7d358&#039;, time: &#039;2018-11-14T08:17:03&#039;
System info: host: &#039;TY-DEEPAK-TR&#039;, ip: &#039;192.168.1.171&#039;, os.name: &#039;Windows 10&#039;, os.arch: &#039;amd64&#039;, os.version: &#039;10.0&#039;, java.version: &#039;1.8.0_161&#039;
Driver info: driver.version: ChromeDriver
remote stacktrace: Backtrace:
	Ordinal0 [0x01279563+2725219]
	Ordinal0 [0x01178551+1672529]
	Ordinal0 [0x01060359+525145]
	Ordinal0 [0x00FF0B77+68471]
	Ordinal0 [0x00FED32C+54060]
	Ordinal0 [0x0100CC37+183351]
	Ordinal0 [0x0100CA3D+182845]
	Ordinal0 [0x0100A94B+174411]
	Ordinal0 [0x00FF2528+75048]
	Ordinal0 [0x00FF35A0+79264]
	Ordinal0 [0x00FF3539+79161]
	Ordinal0 [0x0118D607+1758727]
	GetHandleVerifier [0x01396546+1050150]
	GetHandleVerifier [0x01396291+1049457]
	GetHandleVerifier [0x013A10D7+1094071]
	GetHandleVerifier [0x01396B46+1051686]
	Ordinal0 [0x01185B06+1727238]
	Ordinal0 [0x0118EB7B+1764219]
	Ordinal0 [0x0118ECE3+1764579]
	Ordinal0 [0x011A4C05+1854469]
	BaseThreadInitThunk [0x75A56359+25]
	RtlGetAppContainerNamedObjectPath [0x777D7C24+228]
	RtlGetAppContainerNamedObjectPath [0x777D7BF4+180]
">
      <![CDATA[org.openqa.selenium.SessionNotCreatedException: session not created: This version of ChromeDriver only supports Chrome version 83
Build info: version: '3.141.59', revision: 'e82be7d358', time: '2018-11-14T08:17:03'
System info: host: 'TY-DEEPAK-TR', ip: '192.168.1.171', os.name: 'Windows 10', os.arch: 'amd64', os.version: '10.0', java.version: '1.8.0_161'
Driver info: driver.version: ChromeDriver
remote stacktrace: Backtrace:
Ordinal0 [0x01279563+2725219]
Ordinal0 [0x01178551+1672529]
Ordinal0 [0x01060359+525145]
Ordinal0 [0x00FF0B77+68471]
Ordinal0 [0x00FED32C+54060]
Ordinal0 [0x0100CC37+183351]
Ordinal0 [0x0100CA3D+182845]
Ordinal0 [0x0100A94B+174411]
Ordinal0 [0x00FF2528+75048]
Ordinal0 [0x00FF35A0+79264]
Ordinal0 [0x00FF3539+79161]
Ordinal0 [0x0118D607+1758727]
GetHandleVerifier [0x01396546+1050150]
GetHandleVerifier [0x01396291+1049457]
GetHandleVerifier [0x013A10D7+1094071]
GetHandleVerifier [0x01396B46+1051686]
Ordinal0 [0x01185B06+1727238]
Ordinal0 [0x0118EB7B+1764219]
Ordinal0 [0x0118ECE3+1764579]
Ordinal0 [0x011A4C05+1854469]
BaseThreadInitThunk [0x75A56359+25]
RtlGetAppContainerNamedObjectPath [0x777D7C24+228]
RtlGetAppContainerNamedObjectPath [0x777D7BF4+180]

at sun.reflect.NativeConstructorAccessorImpl.newInstance0(Native Method)
at sun.reflect.NativeConstructorAccessorImpl.newInstance(NativeConstructorAccessorImpl.java:62)
at sun.reflect.DelegatingConstructorAccessorImpl.newInstance(DelegatingConstructorAccessorImpl.java:45)
at java.lang.reflect.Constructor.newInstance(Constructor.java:423)
at org.openqa.selenium.remote.W3CHandshakeResponse.lambda$errorHandler$0(W3CHandshakeResponse.java:62)
at org.openqa.selenium.remote.HandshakeResponse.lambda$getResponseFunction$0(HandshakeResponse.java:30)
at org.openqa.selenium.remote.ProtocolHandshake.lambda$createSession$0(ProtocolHandshake.java:126)
at java.util.stream.ReferencePipeline$3$1.accept(ReferencePipeline.java:193)
at java.util.Spliterators$ArraySpliterator.tryAdvance(Spliterators.java:958)
at java.util.stream.ReferencePipeline.forEachWithCancel(ReferencePipeline.java:126)
at java.util.stream.AbstractPipeline.copyIntoWithCancel(AbstractPipeline.java:498)
at java.util.stream.AbstractPipeline.copyInto(AbstractPipeline.java:485)
at java.util.stream.AbstractPipeline.wrapAndCopyInto(AbstractPipeline.java:471)
at java.util.stream.FindOps$FindOp.evaluateSequential(FindOps.java:152)
at java.util.stream.AbstractPipeline.evaluate(AbstractPipeline.java:234)
at java.util.stream.ReferencePipeline.findFirst(ReferencePipeline.java:464)
at org.openqa.selenium.remote.ProtocolHandshake.createSession(ProtocolHandshake.java:128)
at org.openqa.selenium.remote.ProtocolHandshake.createSession(ProtocolHandshake.java:74)
at org.openqa.selenium.remote.HttpCommandExecutor.execute(HttpCommandExecutor.java:136)
at org.openqa.selenium.remote.service.DriverCommandExecutor.execute(DriverCommandExecutor.java:83)
at org.openqa.selenium.remote.RemoteWebDriver.execute(RemoteWebDriver.java:552)
at org.openqa.selenium.remote.RemoteWebDriver.startSession(RemoteWebDriver.java:213)
at org.openqa.selenium.remote.RemoteWebDriver.<init>(RemoteWebDriver.java:131)
at org.openqa.selenium.chrome.ChromeDriver.<init>(ChromeDriver.java:181)
at org.openqa.selenium.chrome.ChromeDriver.<init>(ChromeDriver.java:168)
at org.openqa.selenium.chrome.ChromeDriver.<init>(ChromeDriver.java:123)
at com.autodeskcrm.gerericutils.BaseClass.configBC(BaseClass.java:44)
at sun.reflect.NativeMethodAccessorImpl.invoke0(Native Method)
at sun.reflect.NativeMethodAccessorImpl.invoke(NativeMethodAccessorImpl.java:62)
at sun.reflect.DelegatingMethodAccessorImpl.invoke(DelegatingMethodAccessorImpl.java:43)
at java.lang.reflect.Method.invoke(Method.java:498)
at org.testng.internal.MethodInvocationHelper.invokeMethod(MethodInvocationHelper.java:132)
at org.testng.internal.MethodInvocationHelper.invokeMethodConsideringTimeout(MethodInvocationHelper.java:61)
at org.testng.internal.ConfigInvoker.invokeConfigurationMethod(ConfigInvoker.java:366)
at org.testng.internal.ConfigInvoker.invokeConfigurations(ConfigInvoker.java:320)
at org.testng.internal.TestMethodWorker.invokeBeforeClassMethods(TestMethodWorker.java:176)
at org.testng.internal.TestMethodWorker.run(TestMethodWorker.java:122)
at java.util.ArrayList.forEach(ArrayList.java:1257)
at org.testng.TestRunner.privateRun(TestRunner.java:764)
at org.testng.TestRunner.run(TestRunner.java:585)
at org.testng.SuiteRunner.runTest(SuiteRunner.java:384)
at org.testng.SuiteRunner.runSequentially(SuiteRunner.java:378)
at org.testng.SuiteRunner.privateRun(SuiteRunner.java:337)
at org.testng.SuiteRunner.run(SuiteRunner.java:286)
at org.testng.SuiteRunnerWorker.runSuite(SuiteRunnerWorker.java:53)
at org.testng.SuiteRunnerWorker.run(SuiteRunnerWorker.java:96)
at org.testng.TestNG.runSuitesSequentially(TestNG.java:1218)
at org.testng.TestNG.runSuitesLocally(TestNG.java:1140)
at org.testng.TestNG.runSuites(TestNG.java:1069)
at org.testng.TestNG.run(TestNG.java:1037)
at org.testng.remote.AbstractRemoteTestNG.run(AbstractRemoteTestNG.java:115)
at org.testng.remote.RemoteTestNG.initAndRun(RemoteTestNG.java:251)
at org.testng.remote.RemoteTestNG.main(RemoteTestNG.java:77)
]]>
    </error>
  </testcase> <!-- configBC -->
  <system-out/>
  <testcase name="createContactWithOrgtest" time="0.000" classname="com.autdeskcrm.conatcttest.CreateContacWithOrgNameTest">
    <skipped/>
  </testcase> <!-- createContactWithOrgtest -->
  <system-out/>
</testsuite> <!-- com.autdeskcrm.conatcttest.CreateContacWithOrgNameTest -->
